[2023-02-01T14:04:41.328] [ERROR] errorsFile - [Error: ENOENT: no such file or directory, open 'C:\Users\Fabián Garay\Desktop\Coderhouse\BackEnd\ProyectoFinal\data\products.json'] {
  errno: -4058,
  code: 'ENOENT',
  syscall: 'open',
  path: 'C:\\Users\\Fabián Garay\\Desktop\\Coderhouse\\BackEnd\\ProyectoFinal\\data\\products.json'
}
[2023-02-01T14:52:57.513] [ERROR] errorsFile - TypeError: Cannot read properties of undefined (reading 'cart')
    at C:\Users\Fabián Garay\Desktop\Coderhouse\BackEnd\ProyectoFinal\routers\app.routers.js:48:33
    at Layer.handle [as handle_request] (C:\Users\Fabián Garay\Desktop\Coderhouse\BackEnd\ProyectoFinal\node_modules\express\lib\router\layer.js:95:5)
    at next (C:\Users\Fabián Garay\Desktop\Coderhouse\BackEnd\ProyectoFinal\node_modules\express\lib\router\route.js:144:13)
    at Route.dispatch (C:\Users\Fabián Garay\Desktop\Coderhouse\BackEnd\ProyectoFinal\node_modules\express\lib\router\route.js:114:3)
    at Layer.handle [as handle_request] (C:\Users\Fabián Garay\Desktop\Coderhouse\BackEnd\ProyectoFinal\node_modules\express\lib\router\layer.js:95:5)
    at C:\Users\Fabián Garay\Desktop\Coderhouse\BackEnd\ProyectoFinal\node_modules\express\lib\router\index.js:284:15
    at Function.process_params (C:\Users\Fabián Garay\Desktop\Coderhouse\BackEnd\ProyectoFinal\node_modules\express\lib\router\index.js:346:12)
    at next (C:\Users\Fabián Garay\Desktop\Coderhouse\BackEnd\ProyectoFinal\node_modules\express\lib\router\index.js:280:10)
    at C:\Users\Fabián Garay\Desktop\Coderhouse\BackEnd\ProyectoFinal\node_modules\express\lib\router\index.js:646:15
    at next (C:\Users\Fabián Garay\Desktop\Coderhouse\BackEnd\ProyectoFinal\node_modules\express\lib\router\index.js:265:14)
[2023-02-01T14:56:15.670] [ERROR] errorsFile - TypeError: Cannot read properties of undefined (reading 'cart')
    at C:\Users\Fabián Garay\Desktop\Coderhouse\BackEnd\ProyectoFinal\routers\app.routers.js:48:33
    at Layer.handle [as handle_request] (C:\Users\Fabián Garay\Desktop\Coderhouse\BackEnd\ProyectoFinal\node_modules\express\lib\router\layer.js:95:5)
    at next (C:\Users\Fabián Garay\Desktop\Coderhouse\BackEnd\ProyectoFinal\node_modules\express\lib\router\route.js:144:13)
    at Route.dispatch (C:\Users\Fabián Garay\Desktop\Coderhouse\BackEnd\ProyectoFinal\node_modules\express\lib\router\route.js:114:3)
    at Layer.handle [as handle_request] (C:\Users\Fabián Garay\Desktop\Coderhouse\BackEnd\ProyectoFinal\node_modules\express\lib\router\layer.js:95:5)
    at C:\Users\Fabián Garay\Desktop\Coderhouse\BackEnd\ProyectoFinal\node_modules\express\lib\router\index.js:284:15
    at Function.process_params (C:\Users\Fabián Garay\Desktop\Coderhouse\BackEnd\ProyectoFinal\node_modules\express\lib\router\index.js:346:12)
    at next (C:\Users\Fabián Garay\Desktop\Coderhouse\BackEnd\ProyectoFinal\node_modules\express\lib\router\index.js:280:10)
    at C:\Users\Fabián Garay\Desktop\Coderhouse\BackEnd\ProyectoFinal\node_modules\express\lib\router\index.js:646:15
    at next (C:\Users\Fabián Garay\Desktop\Coderhouse\BackEnd\ProyectoFinal\node_modules\express\lib\router\index.js:265:14)
[2023-02-01T15:04:47.955] [ERROR] errorsFile - TypeError: Cannot read properties of undefined (reading 'cart')
    at C:\Users\Fabián Garay\Desktop\Coderhouse\BackEnd\ProyectoFinal\routers\app.routers.js:48:33
    at Layer.handle [as handle_request] (C:\Users\Fabián Garay\Desktop\Coderhouse\BackEnd\ProyectoFinal\node_modules\express\lib\router\layer.js:95:5)
    at next (C:\Users\Fabián Garay\Desktop\Coderhouse\BackEnd\ProyectoFinal\node_modules\express\lib\router\route.js:144:13)
    at Route.dispatch (C:\Users\Fabián Garay\Desktop\Coderhouse\BackEnd\ProyectoFinal\node_modules\express\lib\router\route.js:114:3)
    at Layer.handle [as handle_request] (C:\Users\Fabián Garay\Desktop\Coderhouse\BackEnd\ProyectoFinal\node_modules\express\lib\router\layer.js:95:5)
    at C:\Users\Fabián Garay\Desktop\Coderhouse\BackEnd\ProyectoFinal\node_modules\express\lib\router\index.js:284:15
    at Function.process_params (C:\Users\Fabián Garay\Desktop\Coderhouse\BackEnd\ProyectoFinal\node_modules\express\lib\router\index.js:346:12)
    at next (C:\Users\Fabián Garay\Desktop\Coderhouse\BackEnd\ProyectoFinal\node_modules\express\lib\router\index.js:280:10)
    at C:\Users\Fabián Garay\Desktop\Coderhouse\BackEnd\ProyectoFinal\node_modules\express\lib\router\index.js:646:15
    at next (C:\Users\Fabián Garay\Desktop\Coderhouse\BackEnd\ProyectoFinal\node_modules\express\lib\router\index.js:265:14)
[2023-02-01T15:14:38.949] [ERROR] errorsFile - TypeError: Cannot read properties of undefined (reading 'cart')
    at C:\Users\Fabián Garay\Desktop\Coderhouse\BackEnd\ProyectoFinal\routers\app.routers.js:48:33
    at Layer.handle [as handle_request] (C:\Users\Fabián Garay\Desktop\Coderhouse\BackEnd\ProyectoFinal\node_modules\express\lib\router\layer.js:95:5)
    at next (C:\Users\Fabián Garay\Desktop\Coderhouse\BackEnd\ProyectoFinal\node_modules\express\lib\router\route.js:144:13)
    at Route.dispatch (C:\Users\Fabián Garay\Desktop\Coderhouse\BackEnd\ProyectoFinal\node_modules\express\lib\router\route.js:114:3)
    at Layer.handle [as handle_request] (C:\Users\Fabián Garay\Desktop\Coderhouse\BackEnd\ProyectoFinal\node_modules\express\lib\router\layer.js:95:5)
    at C:\Users\Fabián Garay\Desktop\Coderhouse\BackEnd\ProyectoFinal\node_modules\express\lib\router\index.js:284:15
    at Function.process_params (C:\Users\Fabián Garay\Desktop\Coderhouse\BackEnd\ProyectoFinal\node_modules\express\lib\router\index.js:346:12)
    at next (C:\Users\Fabián Garay\Desktop\Coderhouse\BackEnd\ProyectoFinal\node_modules\express\lib\router\index.js:280:10)
    at C:\Users\Fabián Garay\Desktop\Coderhouse\BackEnd\ProyectoFinal\node_modules\express\lib\router\index.js:646:15
    at next (C:\Users\Fabián Garay\Desktop\Coderhouse\BackEnd\ProyectoFinal\node_modules\express\lib\router\index.js:265:14)
[2023-02-01T15:17:50.112] [ERROR] errorsFile - TypeError: Cannot read properties of undefined (reading 'cart')
    at C:\Users\Fabián Garay\Desktop\Coderhouse\BackEnd\ProyectoFinal\routers\app.routers.js:48:33
    at Layer.handle [as handle_request] (C:\Users\Fabián Garay\Desktop\Coderhouse\BackEnd\ProyectoFinal\node_modules\express\lib\router\layer.js:95:5)
    at next (C:\Users\Fabián Garay\Desktop\Coderhouse\BackEnd\ProyectoFinal\node_modules\express\lib\router\route.js:144:13)
    at Route.dispatch (C:\Users\Fabián Garay\Desktop\Coderhouse\BackEnd\ProyectoFinal\node_modules\express\lib\router\route.js:114:3)
    at Layer.handle [as handle_request] (C:\Users\Fabián Garay\Desktop\Coderhouse\BackEnd\ProyectoFinal\node_modules\express\lib\router\layer.js:95:5)
    at C:\Users\Fabián Garay\Desktop\Coderhouse\BackEnd\ProyectoFinal\node_modules\express\lib\router\index.js:284:15
    at Function.process_params (C:\Users\Fabián Garay\Desktop\Coderhouse\BackEnd\ProyectoFinal\node_modules\express\lib\router\index.js:346:12)
    at next (C:\Users\Fabián Garay\Desktop\Coderhouse\BackEnd\ProyectoFinal\node_modules\express\lib\router\index.js:280:10)
    at C:\Users\Fabián Garay\Desktop\Coderhouse\BackEnd\ProyectoFinal\node_modules\express\lib\router\index.js:646:15
    at next (C:\Users\Fabián Garay\Desktop\Coderhouse\BackEnd\ProyectoFinal\node_modules\express\lib\router\index.js:265:14)
[2023-02-01T15:18:26.455] [ERROR] errorsFile - TypeError: Cannot read properties of undefined (reading 'cart')
    at C:\Users\Fabián Garay\Desktop\Coderhouse\BackEnd\ProyectoFinal\routers\app.routers.js:48:33
    at Layer.handle [as handle_request] (C:\Users\Fabián Garay\Desktop\Coderhouse\BackEnd\ProyectoFinal\node_modules\express\lib\router\layer.js:95:5)
    at next (C:\Users\Fabián Garay\Desktop\Coderhouse\BackEnd\ProyectoFinal\node_modules\express\lib\router\route.js:144:13)
    at Route.dispatch (C:\Users\Fabián Garay\Desktop\Coderhouse\BackEnd\ProyectoFinal\node_modules\express\lib\router\route.js:114:3)
    at Layer.handle [as handle_request] (C:\Users\Fabián Garay\Desktop\Coderhouse\BackEnd\ProyectoFinal\node_modules\express\lib\router\layer.js:95:5)
    at C:\Users\Fabián Garay\Desktop\Coderhouse\BackEnd\ProyectoFinal\node_modules\express\lib\router\index.js:284:15
    at Function.process_params (C:\Users\Fabián Garay\Desktop\Coderhouse\BackEnd\ProyectoFinal\node_modules\express\lib\router\index.js:346:12)
    at next (C:\Users\Fabián Garay\Desktop\Coderhouse\BackEnd\ProyectoFinal\node_modules\express\lib\router\index.js:280:10)
    at C:\Users\Fabián Garay\Desktop\Coderhouse\BackEnd\ProyectoFinal\node_modules\express\lib\router\index.js:646:15
    at next (C:\Users\Fabián Garay\Desktop\Coderhouse\BackEnd\ProyectoFinal\node_modules\express\lib\router\index.js:265:14)
[2023-02-01T15:19:24.900] [ERROR] errorsFile - TypeError: Cannot read properties of undefined (reading 'cart')
    at C:\Users\Fabián Garay\Desktop\Coderhouse\BackEnd\ProyectoFinal\routers\app.routers.js:48:33
    at Layer.handle [as handle_request] (C:\Users\Fabián Garay\Desktop\Coderhouse\BackEnd\ProyectoFinal\node_modules\express\lib\router\layer.js:95:5)
    at next (C:\Users\Fabián Garay\Desktop\Coderhouse\BackEnd\ProyectoFinal\node_modules\express\lib\router\route.js:144:13)
    at Route.dispatch (C:\Users\Fabián Garay\Desktop\Coderhouse\BackEnd\ProyectoFinal\node_modules\express\lib\router\route.js:114:3)
    at Layer.handle [as handle_request] (C:\Users\Fabián Garay\Desktop\Coderhouse\BackEnd\ProyectoFinal\node_modules\express\lib\router\layer.js:95:5)
    at C:\Users\Fabián Garay\Desktop\Coderhouse\BackEnd\ProyectoFinal\node_modules\express\lib\router\index.js:284:15
    at Function.process_params (C:\Users\Fabián Garay\Desktop\Coderhouse\BackEnd\ProyectoFinal\node_modules\express\lib\router\index.js:346:12)
    at next (C:\Users\Fabián Garay\Desktop\Coderhouse\BackEnd\ProyectoFinal\node_modules\express\lib\router\index.js:280:10)
    at C:\Users\Fabián Garay\Desktop\Coderhouse\BackEnd\ProyectoFinal\node_modules\express\lib\router\index.js:646:15
    at next (C:\Users\Fabián Garay\Desktop\Coderhouse\BackEnd\ProyectoFinal\node_modules\express\lib\router\index.js:265:14)
[2023-02-01T15:19:56.463] [ERROR] errorsFile - TypeError: Cannot read properties of undefined (reading 'cart')
    at C:\Users\Fabián Garay\Desktop\Coderhouse\BackEnd\ProyectoFinal\routers\app.routers.js:48:33
    at Layer.handle [as handle_request] (C:\Users\Fabián Garay\Desktop\Coderhouse\BackEnd\ProyectoFinal\node_modules\express\lib\router\layer.js:95:5)
    at next (C:\Users\Fabián Garay\Desktop\Coderhouse\BackEnd\ProyectoFinal\node_modules\express\lib\router\route.js:144:13)
    at Route.dispatch (C:\Users\Fabián Garay\Desktop\Coderhouse\BackEnd\ProyectoFinal\node_modules\express\lib\router\route.js:114:3)
    at Layer.handle [as handle_request] (C:\Users\Fabián Garay\Desktop\Coderhouse\BackEnd\ProyectoFinal\node_modules\express\lib\router\layer.js:95:5)
    at C:\Users\Fabián Garay\Desktop\Coderhouse\BackEnd\ProyectoFinal\node_modules\express\lib\router\index.js:284:15
    at Function.process_params (C:\Users\Fabián Garay\Desktop\Coderhouse\BackEnd\ProyectoFinal\node_modules\express\lib\router\index.js:346:12)
    at next (C:\Users\Fabián Garay\Desktop\Coderhouse\BackEnd\ProyectoFinal\node_modules\express\lib\router\index.js:280:10)
    at C:\Users\Fabián Garay\Desktop\Coderhouse\BackEnd\ProyectoFinal\node_modules\express\lib\router\index.js:646:15
    at next (C:\Users\Fabián Garay\Desktop\Coderhouse\BackEnd\ProyectoFinal\node_modules\express\lib\router\index.js:265:14)
[2023-02-01T15:23:56.434] [ERROR] errorsFile - TypeError: Cannot read properties of undefined (reading 'cart')
    at C:\Users\Fabián Garay\Desktop\Coderhouse\BackEnd\ProyectoFinal\routers\app.routers.js:48:33
    at Layer.handle [as handle_request] (C:\Users\Fabián Garay\Desktop\Coderhouse\BackEnd\ProyectoFinal\node_modules\express\lib\router\layer.js:95:5)
    at next (C:\Users\Fabián Garay\Desktop\Coderhouse\BackEnd\ProyectoFinal\node_modules\express\lib\router\route.js:144:13)
    at Route.dispatch (C:\Users\Fabián Garay\Desktop\Coderhouse\BackEnd\ProyectoFinal\node_modules\express\lib\router\route.js:114:3)
    at Layer.handle [as handle_request] (C:\Users\Fabián Garay\Desktop\Coderhouse\BackEnd\ProyectoFinal\node_modules\express\lib\router\layer.js:95:5)
    at C:\Users\Fabián Garay\Desktop\Coderhouse\BackEnd\ProyectoFinal\node_modules\express\lib\router\index.js:284:15
    at Function.process_params (C:\Users\Fabián Garay\Desktop\Coderhouse\BackEnd\ProyectoFinal\node_modules\express\lib\router\index.js:346:12)
    at next (C:\Users\Fabián Garay\Desktop\Coderhouse\BackEnd\ProyectoFinal\node_modules\express\lib\router\index.js:280:10)
    at C:\Users\Fabián Garay\Desktop\Coderhouse\BackEnd\ProyectoFinal\node_modules\express\lib\router\index.js:646:15
    at next (C:\Users\Fabián Garay\Desktop\Coderhouse\BackEnd\ProyectoFinal\node_modules\express\lib\router\index.js:265:14)
[2023-02-01T15:25:04.738] [ERROR] errorsFile - TypeError: Cannot read properties of undefined (reading 'cart')
    at C:\Users\Fabián Garay\Desktop\Coderhouse\BackEnd\ProyectoFinal\routers\app.routers.js:48:33
    at Layer.handle [as handle_request] (C:\Users\Fabián Garay\Desktop\Coderhouse\BackEnd\ProyectoFinal\node_modules\express\lib\router\layer.js:95:5)
    at next (C:\Users\Fabián Garay\Desktop\Coderhouse\BackEnd\ProyectoFinal\node_modules\express\lib\router\route.js:144:13)
    at Route.dispatch (C:\Users\Fabián Garay\Desktop\Coderhouse\BackEnd\ProyectoFinal\node_modules\express\lib\router\route.js:114:3)
    at Layer.handle [as handle_request] (C:\Users\Fabián Garay\Desktop\Coderhouse\BackEnd\ProyectoFinal\node_modules\express\lib\router\layer.js:95:5)
    at C:\Users\Fabián Garay\Desktop\Coderhouse\BackEnd\ProyectoFinal\node_modules\express\lib\router\index.js:284:15
    at Function.process_params (C:\Users\Fabián Garay\Desktop\Coderhouse\BackEnd\ProyectoFinal\node_modules\express\lib\router\index.js:346:12)
    at next (C:\Users\Fabián Garay\Desktop\Coderhouse\BackEnd\ProyectoFinal\node_modules\express\lib\router\index.js:280:10)
    at C:\Users\Fabián Garay\Desktop\Coderhouse\BackEnd\ProyectoFinal\node_modules\express\lib\router\index.js:646:15
    at next (C:\Users\Fabián Garay\Desktop\Coderhouse\BackEnd\ProyectoFinal\node_modules\express\lib\router\index.js:265:14)
